<?xml version="1.0" encoding="UTF-8"?>
<!-- Generated by org.testng.reporters.JUnitReportReporter -->
<testsuite skipped="0" hostname="Anand-PC" name="testPkg.TestClass" tests="1" failures="0" timestamp="19 May 2019 07:25:36 GMT" time="19.357" errors="0">
  <testcase name="launchChrome" time="19.357" classname="testPkg.TestClass"/>
</testsuite> <!-- testPkg.TestClass -->
